Arguments: 
  /home/andrew/.nvm/versions/node/v16.19.0/bin/node /home/andrew/.nvm/versions/node/v16.19.0/bin/yarn

PATH: 
  /home/andrew/.bun/bin:/home/andrew/.nvm/versions/node/v16.19.0/bin:/home/andrew/.cargo/bin:/home/andrew/.local/bin:/usr/local/sbin:/usr/local/bin:/usr/sbin:/usr/bin:/sbin:/bin:/usr/games:/usr/local/games:/snap/bin:/snap/bin:/home/andrew/.dotnet/tools

Yarn version: 
  1.22.19

Node version: 
  16.19.0

Platform: 
  linux x64

Trace: 
  Error: https://registry.yarnpkg.com/@parcel%2ftransformer-rust: Not found
      at Request.params.callback [as _callback] (/home/andrew/.nvm/versions/node/v16.19.0/lib/node_modules/yarn/lib/cli.js:66145:18)
      at Request.self.callback (/home/andrew/.nvm/versions/node/v16.19.0/lib/node_modules/yarn/lib/cli.js:140890:22)
      at Request.emit (node:events:513:28)
      at Request.<anonymous> (/home/andrew/.nvm/versions/node/v16.19.0/lib/node_modules/yarn/lib/cli.js:141862:10)
      at Request.emit (node:events:513:28)
      at IncomingMessage.<anonymous> (/home/andrew/.nvm/versions/node/v16.19.0/lib/node_modules/yarn/lib/cli.js:141784:12)
      at Object.onceWrapper (node:events:627:28)
      at IncomingMessage.emit (node:events:525:35)
      at endReadableNT (node:internal/streams/readable:1358:12)
      at processTicksAndRejections (node:internal/process/task_queues:83:21)

npm manifest: 
  {
      "name": "wasm-triangle",
      "version": "1.0.0",
      "scripts": {
          "start": "parcel index.html",
          "build": "parcel build index.html"
      },
      "dependencies": {
          "wasm-triangle": "file:./pkg"
      },
      "devDependencies": {
          "@parcel/transformer-rust": "^2.0.0"
      }
  }

yarn manifest: 
  No manifest

Lockfile: 
  No lockfile
